=== TRUE ONE BILLION CYCLE STRESS TEST (CPU) ===
Running 1,000,000,000 cycles per configuration...
This will take approximately 12-15 minutes per configuration.
Executing in background... check logs for progress.
  [Baseline (WZMA only)] Progress: 1000/5000 steps...
  [Baseline (WZMA only)] Progress: 2000/5000 steps...
  [Baseline (WZMA only)] Progress: 3000/5000 steps...
  [Baseline (WZMA only)] Progress: 4000/5000 steps...
  [Baseline (WZMA only)] Progress: 5000/5000 steps...
  >> Baseline (WZMA only)      :   952,977,855 / 1,000,000,000 (95.2978%) | Time: 593.8s

  [With True Beta Bias] Progress: 1000/5000 steps...
  [With True Beta Bias] Progress: 2000/5000 steps...
  [With True Beta Bias] Progress: 3000/5000 steps...
  [With True Beta Bias] Progress: 4000/5000 steps...
  [With True Beta Bias] Progress: 5000/5000 steps...
  >> With True Beta Bias       :   967,723,568 / 1,000,000,000 (96.7724%) | Time: 595.2s

  [With H-Neuron Leak] Progress: 1000/5000 steps...
  [With H-Neuron Leak] Progress: 2000/5000 steps...
  [With H-Neuron Leak] Progress: 3000/5000 steps...
  [With H-Neuron Leak] Progress: 4000/5000 steps...
  [With H-Neuron Leak] Progress: 5000/5000 steps...
  >> With H-Neuron Leak        :   949,270,119 / 1,000,000,000 (94.9270%) | Time: 595.0s

  [Beta + H-Neuron] Progress: 1000/5000 steps...
  [Beta + H-Neuron] Progress: 2000/5000 steps...
  [Beta + H-Neuron] Progress: 3000/5000 steps...
  [Beta + H-Neuron] Progress: 4000/5000 steps...
  [Beta + H-Neuron] Progress: 5000/5000 steps...
  >> Beta + H-Neuron           :   961,593,561 / 1,000,000,000 (96.1594%) | Time: 598.8s

