=== TRUE ONE BILLION CYCLE STRESS TEST: PART 2 (CPU) ===
Running 1,000,000,000 cycles per configuration...
This will take approximately 10-12 minutes per configuration.
Executing...

  [Base Matrix ONLY] Progress: 1000/5000 steps...
  [Base Matrix ONLY] Progress: 2000/5000 steps...
  [Base Matrix ONLY] Progress: 3000/5000 steps...
  [Base Matrix ONLY] Progress: 4000/5000 steps...
  [Base Matrix ONLY] Progress: 5000/5000 steps...
  >> Base Matrix ONLY                 :   672,244,511 / 1,000,000,000 (67.2245%) | Time: 586.6s

  [Base Matrix + True Beta Bias] Progress: 1000/5000 steps...
  [Base Matrix + True Beta Bias] Progress: 2000/5000 steps...
  [Base Matrix + True Beta Bias] Progress: 3000/5000 steps...
  [Base Matrix + True Beta Bias] Progress: 4000/5000 steps...
  [Base Matrix + True Beta Bias] Progress: 5000/5000 steps...
  >> Base Matrix + True Beta Bias     :   616,261,337 / 1,000,000,000 (61.6261%) | Time: 596.6s

  [Base Matrix + H-Neuron Leak] Progress: 1000/5000 steps...
  [Base Matrix + H-Neuron Leak] Progress: 2000/5000 steps...
  [Base Matrix + H-Neuron Leak] Progress: 3000/5000 steps...
  [Base Matrix + H-Neuron Leak] Progress: 4000/5000 steps...
  [Base Matrix + H-Neuron Leak] Progress: 5000/5000 steps...
  >> Base Matrix + H-Neuron Leak      :   387,270,545 / 1,000,000,000 (38.7271%) | Time: 595.1s

  [Base Matrix + Beta + H-Neuron] Progress: 1000/5000 steps...
  [Base Matrix + Beta + H-Neuron] Progress: 2000/5000 steps...
  [Base Matrix + Beta + H-Neuron] Progress: 3000/5000 steps...
  [Base Matrix + Beta + H-Neuron] Progress: 4000/5000 steps...
  [Base Matrix + Beta + H-Neuron] Progress: 5000/5000 steps...
  >> Base Matrix + Beta + H-Neuron    :   358,066,281 / 1,000,000,000 (35.8066%) | Time: 599.0s

